Flow report for LAB2_AES_VHDL
Thu Apr 27 17:36:40 2023
Quartus Prime Version 22.1std.0 Build 915 10/25/2022 SC Lite Edition


---------------------
; Table of Contents ;
---------------------
  1. Legal Notice
  2. Flow Summary
  3. Flow Settings
  4. Flow Non-Default Global Settings
  5. Flow Elapsed Time
  6. Flow OS Summary
  7. Flow Log
  8. Flow Messages
  9. Flow Suppressed Messages



----------------
; Legal Notice ;
----------------
Copyright (C) 2022  Intel Corporation. All rights reserved.
Your use of Intel Corporation's design tools, logic functions 
and other software and tools, and any partner logic 
functions, and any output files from any of the foregoing 
(including device programming or simulation files), and any 
associated documentation or information are expressly subject 
to the terms and conditions of the Intel Program License 
Subscription Agreement, the Intel Quartus Prime License Agreement,
the Intel FPGA IP License Agreement, or other applicable license
agreement, including, without limitation, that your use is for
the sole purpose of programming logic devices manufactured by
Intel and sold by Intel or its authorized distributors.  Please
refer to the applicable agreement for further details, at
https://fpgasoftware.intel.com/eula.



+----------------------------------------------------------------------------------+
; Flow Summary                                                                     ;
+---------------------------------+------------------------------------------------+
; Flow Status                     ; Successful - Thu Apr 27 17:36:40 2023          ;
; Quartus Prime Version           ; 22.1std.0 Build 915 10/25/2022 SC Lite Edition ;
; Revision Name                   ; LAB2_AES_VHDL                                  ;
; Top-level Entity Name           ; aes_top                                        ;
; Family                          ; Cyclone V                                      ;
; Device                          ; 5CEBA4F23C7                                    ;
; Timing Models                   ; Final                                          ;
; Logic utilization (in ALMs)     ; 1,252 / 18,480 ( 7 % )                         ;
; Total registers                 ; 528                                            ;
; Total pins                      ; 7 / 224 ( 3 % )                                ;
; Total virtual pins              ; 0                                              ;
; Total block memory bits         ; 0 / 3,153,920 ( 0 % )                          ;
; Total DSP Blocks                ; 0 / 66 ( 0 % )                                 ;
; Total HSSI RX PCSs              ; 0                                              ;
; Total HSSI PMA RX Deserializers ; 0                                              ;
; Total HSSI TX PCSs              ; 0                                              ;
; Total HSSI PMA TX Serializers   ; 0                                              ;
; Total PLLs                      ; 0 / 4 ( 0 % )                                  ;
; Total DLLs                      ; 0 / 4 ( 0 % )                                  ;
+---------------------------------+------------------------------------------------+


+-----------------------------------------+
; Flow Settings                           ;
+-------------------+---------------------+
; Option            ; Setting             ;
+-------------------+---------------------+
; Start date & time ; 04/27/2023 17:33:30 ;
; Main task         ; Compilation         ;
; Revision Name     ; LAB2_AES_VHDL       ;
+-------------------+---------------------+


+------------------------------------------------------------------------------------------------------------------------------------------------+
; Flow Non-Default Global Settings                                                                                                               ;
+-------------------------------------+----------------------------------------+---------------+-------------+-----------------------------------+
; Assignment Name                     ; Value                                  ; Default Value ; Entity Name ; Section Id                        ;
+-------------------------------------+----------------------------------------+---------------+-------------+-----------------------------------+
; COMPILER_SIGNATURE_ID               ; 264664983709413.168263121006644        ; --            ; --          ; --                                ;
; EDA_DESIGN_ENTRY_SYNTHESIS_TOOL     ; Precision Synthesis                    ; <None>        ; --          ; --                                ;
; EDA_GENERATE_FUNCTIONAL_NETLIST     ; Off                                    ; --            ; --          ; eda_board_design_timing           ;
; EDA_GENERATE_FUNCTIONAL_NETLIST     ; Off                                    ; --            ; --          ; eda_board_design_boundary_scan    ;
; EDA_GENERATE_FUNCTIONAL_NETLIST     ; Off                                    ; --            ; --          ; eda_board_design_signal_integrity ;
; EDA_GENERATE_FUNCTIONAL_NETLIST     ; Off                                    ; --            ; --          ; eda_board_design_symbol           ;
; EDA_INPUT_DATA_FORMAT               ; Vqm                                    ; --            ; --          ; eda_design_synthesis              ;
; EDA_LMF_FILE                        ; mentor.lmf                             ; --            ; --          ; eda_design_synthesis              ;
; EDA_OUTPUT_DATA_FORMAT              ; Vhdl                                   ; --            ; --          ; eda_simulation                    ;
; EDA_RUN_TOOL_AUTOMATICALLY          ; On                                     ; --            ; --          ; eda_simulation                    ;
; EDA_SIMULATION_TOOL                 ; ModelSim (VHDL)                        ; <None>        ; --          ; --                                ;
; EDA_TIME_SCALE                      ; 1 ps                                   ; --            ; --          ; eda_simulation                    ;
; FLOW_ENABLE_POWER_ANALYZER          ; On                                     ; Off           ; --          ; --                                ;
; MAX_CORE_JUNCTION_TEMP              ; 85                                     ; --            ; --          ; --                                ;
; MIN_CORE_JUNCTION_TEMP              ; 0                                      ; --            ; --          ; --                                ;
; PARTITION_COLOR                     ; -- (Not supported for targeted family) ; --            ; AES_TOP     ; Top                               ;
; PARTITION_FITTER_PRESERVATION_LEVEL ; -- (Not supported for targeted family) ; --            ; AES_TOP     ; Top                               ;
; PARTITION_NETLIST_TYPE              ; -- (Not supported for targeted family) ; --            ; AES_TOP     ; Top                               ;
; POWER_BOARD_THERMAL_MODEL           ; None (CONSERVATIVE)                    ; --            ; --          ; --                                ;
; POWER_DEFAULT_INPUT_IO_TOGGLE_RATE  ; 12.5 %                                 ; 12.5%         ; --          ; --                                ;
; POWER_PRESET_COOLING_SOLUTION       ; 23 MM HEAT SINK WITH 200 LFPM AIRFLOW  ; --            ; --          ; --                                ;
; POWER_REPORT_POWER_DISSIPATION      ; On                                     ; Off           ; --          ; --                                ;
; PROJECT_OUTPUT_DIRECTORY            ; output_files                           ; --            ; --          ; --                                ;
; TOP_LEVEL_ENTITY                    ; AES_TOP                                ; LAB2_AES_VHDL ; --          ; --                                ;
+-------------------------------------+----------------------------------------+---------------+-------------+-----------------------------------+


+--------------------------------------------------------------------------------------------------------------------------+
; Flow Elapsed Time                                                                                                        ;
+----------------------+--------------+-------------------------+---------------------+------------------------------------+
; Module Name          ; Elapsed Time ; Average Processors Used ; Peak Virtual Memory ; Total CPU Time (on all processors) ;
+----------------------+--------------+-------------------------+---------------------+------------------------------------+
; Analysis & Synthesis ; 00:00:42     ; 1.0                     ; 6792 MB             ; 00:00:41                           ;
; Fitter               ; 00:02:08     ; 1.0                     ; 6511 MB             ; 00:01:48                           ;
; Assembler            ; 00:00:02     ; 1.0                     ; 4915 MB             ; 00:00:02                           ;
; Power Analyzer       ; 00:00:04     ; 1.6                     ; 5232 MB             ; 00:00:04                           ;
; Timing Analyzer      ; 00:00:04     ; 2.0                     ; 5164 MB             ; 00:00:05                           ;
; EDA Netlist Writer   ; 00:00:01     ; 1.0                     ; 4823 MB             ; 00:00:01                           ;
; Total                ; 00:03:01     ; --                      ; --                  ; 00:02:41                           ;
+----------------------+--------------+-------------------------+---------------------+------------------------------------+


+------------------------------------------------------------------------------------+
; Flow OS Summary                                                                    ;
+----------------------+------------------+------------+------------+----------------+
; Module Name          ; Machine Hostname ; OS Name    ; OS Version ; Processor type ;
+----------------------+------------------+------------+------------+----------------+
; Analysis & Synthesis ; BIG-LAB-001      ; Windows 10 ; 10.0       ; x86_64         ;
; Fitter               ; BIG-LAB-001      ; Windows 10 ; 10.0       ; x86_64         ;
; Assembler            ; BIG-LAB-001      ; Windows 10 ; 10.0       ; x86_64         ;
; Power Analyzer       ; BIG-LAB-001      ; Windows 10 ; 10.0       ; x86_64         ;
; Timing Analyzer      ; BIG-LAB-001      ; Windows 10 ; 10.0       ; x86_64         ;
; EDA Netlist Writer   ; BIG-LAB-001      ; Windows 10 ; 10.0       ; x86_64         ;
+----------------------+------------------+------------+------------+----------------+


------------
; Flow Log ;
------------
quartus_map --read_settings_files=on --write_settings_files=off LAB2_AES_VHDL -c LAB2_AES_VHDL
quartus_fit --read_settings_files=off --write_settings_files=off LAB2_AES_VHDL -c LAB2_AES_VHDL
quartus_asm --read_settings_files=off --write_settings_files=off LAB2_AES_VHDL -c LAB2_AES_VHDL
quartus_pow --read_settings_files=off --write_settings_files=off LAB2_AES_VHDL -c LAB2_AES_VHDL
quartus_sta LAB2_AES_VHDL -c LAB2_AES_VHDL
quartus_eda --read_settings_files=off --write_settings_files=off LAB2_AES_VHDL -c LAB2_AES_VHDL



